<?xml version="1.0" encoding="UTF-8"?>
<!-- Generated by org.testng.reporters.JUnitReportReporter -->
<testsuite hostname="MBA-SG20-110" failures="0" tests="1" name="TESTNGpractice.AddPatientTestTestNG" time="14.397" errors="0" timestamp="2023-03-02T12:39:05 IST" skipped="0">
  <testcase classname="TESTNGpractice.AddPatientTestTestNG" name="addPatientTest" time="14.397"/>
  <system-out/>
</testsuite> <!-- TESTNGpractice.AddPatientTestTestNG -->
