<?xml version="1.0" encoding="UTF-8"?>
<!-- Generated by org.testng.reporters.JUnitReportReporter -->
<testsuite hostname="MBA-SG20-110" failures="0" tests="1" name="TESTNGpractice.AddAppointmentDeleteDocterTestNg" time="19.513" errors="0" timestamp="2023-03-03T11:12:15 IST" skipped="0">
  <testcase classname="TESTNGpractice.AddAppointmentDeleteDocterTestNg" name="addAppointmentDeleteDocter" time="19.513"/>
  <system-out/>
</testsuite> <!-- TESTNGpractice.AddAppointmentDeleteDocterTestNg -->
