<?xml version="1.0" encoding="UTF-8"?>
<!-- Generated by org.testng.reporters.JUnitReportReporter -->
<testsuite hostname="MBA-SG20-110" failures="0" tests="2" name="hms.practice.practiceTestNg1" time="0.040" errors="0" timestamp="2023-02-22T17:05:27 IST" skipped="0">
  <testcase classname="hms.practice.practiceTestNg1" name="test1b" time="0.007"/>
  <system-out/>
  <testcase classname="hms.practice.practiceTestNg1" name="test1a" time="0.033"/>
  <system-out/>
</testsuite> <!-- hms.practice.practiceTestNg1 -->
