<?xml version="1.0" encoding="UTF-8"?>
<!-- Generated by org.testng.reporters.JUnitReportReporter -->
<testsuite hostname="MBA-SG20-110" failures="0" tests="1" name="hms.practice.practiceTestNg2" time="0.010" errors="0" timestamp="2023-02-22T17:05:27 IST" skipped="0">
  <testcase classname="hms.practice.practiceTestNg2" name="test2a" time="0.010"/>
  <system-out/>
</testsuite> <!-- hms.practice.practiceTestNg2 -->
