<?xml version="1.0" encoding="UTF-8"?>
<!-- Generated by org.testng.reporters.JUnitReportReporter -->
<testsuite hostname="MBA-SG20-110" failures="0" tests="1" name="TESTNGpractice.PatientApointmentBookingTestNg" time="10.022" errors="0" timestamp="2023-03-03T11:12:15 IST" skipped="0">
  <testcase classname="TESTNGpractice.PatientApointmentBookingTestNg" name="patientApointmentBooking" time="10.022"/>
  <system-out/>
</testsuite> <!-- TESTNGpractice.PatientApointmentBookingTestNg -->
