<?xml version="1.0" encoding="UTF-8"?>
<!-- Generated by org.testng.reporters.JUnitReportReporter -->
<testsuite hostname="MBA-SG20-110" failures="0" tests="1" name="TESTNGpractice.AddPatientAndMedicalHistoryTestTestNG" time="15.621" errors="0" timestamp="2023-03-03T11:12:15 IST" skipped="0">
  <testcase classname="TESTNGpractice.AddPatientAndMedicalHistoryTestTestNG" name="addPatientAndMedicalHistory" time="15.621"/>
  <system-out/>
</testsuite> <!-- TESTNGpractice.AddPatientAndMedicalHistoryTestTestNG -->
