<?xml version="1.0" encoding="UTF-8"?>
<!-- Generated by org.testng.reporters.JUnitReportReporter -->
<testsuite hostname="MBA-SG20-110" failures="0" tests="1" name="TESTNGpractice.AddAppointDelDocTestNg" time="17.294" errors="0" timestamp="2023-03-02T12:39:05 IST" skipped="0">
  <testcase classname="TESTNGpractice.AddAppointDelDocTestNg" name="addAppointDelDoc" time="17.294"/>
  <system-out/>
</testsuite> <!-- TESTNGpractice.AddAppointDelDocTestNg -->
