<?xml version="1.0" encoding="UTF-8"?>
<!-- Generated by org.testng.reporters.JUnitReportReporter -->
<testsuite hostname="MBA-SG20-110" failures="0" tests="1" name="com.tyss.Generic_Utility.Listener.Practice1" time="0.681" errors="0" timestamp="2023-03-02T09:32:02 IST" skipped="0">
  <testcase classname="com.tyss.Generic_Utility.Listener.Practice1" name="rmgServer" time="0.681"/>
  <system-out/>
</testsuite> <!-- com.tyss.Generic_Utility.Listener.Practice1 -->
