<?xml version="1.0" encoding="UTF-8"?>
<!-- Generated by org.testng.reporters.JUnitReportReporter -->
<testsuite hostname="MBA-SG20-110" failures="0" tests="1" name="hms.practice.testNg" time="0.014" errors="0" timestamp="2023-02-22T14:30:33 IST" skipped="0">
  <testcase classname="hms.practice.testNg" name="test" time="0.014"/>
  <system-out/>
</testsuite> <!-- hms.practice.testNg -->
