<?xml version="1.0" encoding="UTF-8"?>
<!-- Generated by org.testng.reporters.JUnitReportReporter -->
<testsuite hostname="MBA-SG20-110" failures="0" tests="1" name="TESTNGpractice.BookAppointmentAddPatientAddRecordsAdminViewRecord" time="20.207" errors="0" timestamp="2023-02-28T10:19:29 IST" skipped="0">
  <testcase classname="TESTNGpractice.BookAppointmentAddPatientAddRecordsAdminViewRecord" name="bookAppointmentAddPatientAddRecordsAdminViewRecord" time="20.207"/>
  <system-out/>
</testsuite> <!-- TESTNGpractice.BookAppointmentAddPatientAddRecordsAdminViewRecord -->
