<?xml version="1.0" encoding="UTF-8"?>
<!-- Generated by org.testng.reporters.JUnitReportReporter -->
<testsuite hostname="MBA-SG20-110" failures="0" tests="1" name="TESTNGpractice.multiDimensionalDataProvider" time="0.013" errors="0" timestamp="2023-02-24T14:42:09 IST" skipped="0">
  <testcase classname="TESTNGpractice.multiDimensionalDataProvider" name="test" time="0.013"/>
  <system-out/>
</testsuite> <!-- TESTNGpractice.multiDimensionalDataProvider -->
